<?xml version="1.0" encoding="UTF-8"?>
<coverage generated="1764133447520" clover="3.2.0">
  <project timestamp="1764133447520" name="All files">
    <metrics statements="12" coveredstatements="12" conditionals="6" coveredconditionals="6" methods="8" coveredmethods="8" elements="26" coveredelements="26" complexity="0" loc="12" ncloc="12" packages="1" files="1" classes="1"/>
    <file name="index.ts" path="C:\Users\JuanKbria\Desktop\taller3Calidad\src\index.ts">
      <metrics statements="12" coveredstatements="12" conditionals="6" coveredconditionals="6" methods="8" coveredmethods="8"/>
      <line num="1" count="1" type="stmt"/>
      <line num="4" count="4" type="stmt"/>
      <line num="9" count="4" type="stmt"/>
      <line num="14" count="4" type="stmt"/>
      <line num="19" count="5" type="cond" truecount="2" falsecount="0"/>
      <line num="20" count="4" type="stmt"/>
      <line num="25" count="4" type="cond" truecount="2" falsecount="0"/>
      <line num="26" count="3" type="stmt"/>
      <line num="31" count="3" type="stmt"/>
      <line num="36" count="4" type="cond" truecount="2" falsecount="0"/>
      <line num="37" count="3" type="stmt"/>
      <line num="42" count="3" type="stmt"/>
    </file>
  </project>
</coverage>
