{"C:\\Users\\JuanKbria\\Desktop\\taller3Calidad\\src\\index.ts": {"path":"C:\\Users\\JuanKbria\\Desktop\\taller3Calidad\\src\\index.ts","statementMap":{"0":{"start":{"line":4,"column":4},"end":{"line":4,"column":17}},"1":{"start":{"line":9,"column":4},"end":{"line":9,"column":17}},"2":{"start":{"line":14,"column":4},"end":{"line":14,"column":17}},"3":{"start":{"line":19,"column":4},"end":{"line":19,"column":64}},"4":{"start":{"line":19,"column":17},"end":{"line":19,"column":64}},"5":{"start":{"line":20,"column":4},"end":{"line":20,"column":17}},"6":{"start":{"line":25,"column":4},"end":{"line":25,"column":70}},"7":{"start":{"line":25,"column":17},"end":{"line":25,"column":70}},"8":{"start":{"line":26,"column":4},"end":{"line":26,"column":17}},"9":{"start":{"line":31,"column":4},"end":{"line":31,"column":37}},"10":{"start":{"line":36,"column":4},"end":{"line":36,"column":96}},"11":{"start":{"line":36,"column":20},"end":{"line":36,"column":96}},"12":{"start":{"line":37,"column":4},"end":{"line":37,"column":29}},"13":{"start":{"line":42,"column":4},"end":{"line":42,"column":28}},"14":{"start":{"line":1,"column":0},"end":{"line":1,"column":13}}},"fnMap":{"0":{"name":"(anonymous_0)","decl":{"start":{"line":3,"column":2},"end":{"line":3,"column":7}},"loc":{"start":{"line":3,"column":28},"end":{"line":5,"column":3}}},"1":{"name":"(anonymous_1)","decl":{"start":{"line":8,"column":2},"end":{"line":8,"column":8}},"loc":{"start":{"line":8,"column":29},"end":{"line":10,"column":3}}},"2":{"name":"(anonymous_2)","decl":{"start":{"line":13,"column":2},"end":{"line":13,"column":13}},"loc":{"start":{"line":13,"column":34},"end":{"line":15,"column":3}}},"3":{"name":"(anonymous_3)","decl":{"start":{"line":18,"column":2},"end":{"line":18,"column":9}},"loc":{"start":{"line":18,"column":30},"end":{"line":21,"column":3}}},"4":{"name":"(anonymous_4)","decl":{"start":{"line":24,"column":2},"end":{"line":24,"column":8}},"loc":{"start":{"line":24,"column":29},"end":{"line":27,"column":3}}},"5":{"name":"(anonymous_5)","decl":{"start":{"line":30,"column":2},"end":{"line":30,"column":10}},"loc":{"start":{"line":30,"column":42},"end":{"line":32,"column":3}}},"6":{"name":"(anonymous_6)","decl":{"start":{"line":35,"column":2},"end":{"line":35,"column":14}},"loc":{"start":{"line":35,"column":29},"end":{"line":38,"column":3}}},"7":{"name":"(anonymous_7)","decl":{"start":{"line":41,"column":2},"end":{"line":41,"column":15}},"loc":{"start":{"line":41,"column":30},"end":{"line":43,"column":3}}}},"branchMap":{"0":{"loc":{"start":{"line":19,"column":4},"end":{"line":19,"column":64}},"type":"if","locations":[{"start":{"line":19,"column":4},"end":{"line":19,"column":64}},{"start":{},"end":{}}]},"1":{"loc":{"start":{"line":25,"column":4},"end":{"line":25,"column":70}},"type":"if","locations":[{"start":{"line":25,"column":4},"end":{"line":25,"column":70}},{"start":{},"end":{}}]},"2":{"loc":{"start":{"line":36,"column":4},"end":{"line":36,"column":96}},"type":"if","locations":[{"start":{"line":36,"column":4},"end":{"line":36,"column":96}},{"start":{},"end":{}}]}},"s":{"0":4,"1":4,"2":4,"3":5,"4":1,"5":4,"6":4,"7":1,"8":3,"9":3,"10":4,"11":1,"12":3,"13":3,"14":1},"f":{"0":4,"1":4,"2":4,"3":5,"4":4,"5":3,"6":4,"7":3},"b":{"0":[1,4],"1":[1,3],"2":[1,3]}}
}
