TN:
SF:src\index.ts
FN:3,(anonymous_0)
FN:8,(anonymous_1)
FN:13,(anonymous_2)
FN:18,(anonymous_3)
FN:24,(anonymous_4)
FN:30,(anonymous_5)
FN:35,(anonymous_6)
FN:41,(anonymous_7)
FNF:8
FNH:8
FNDA:4,(anonymous_0)
FNDA:4,(anonymous_1)
FNDA:4,(anonymous_2)
FNDA:5,(anonymous_3)
FNDA:4,(anonymous_4)
FNDA:3,(anonymous_5)
FNDA:4,(anonymous_6)
FNDA:3,(anonymous_7)
DA:1,1
DA:4,4
DA:9,4
DA:14,4
DA:19,5
DA:20,4
DA:25,4
DA:26,3
DA:31,3
DA:36,4
DA:37,3
DA:42,3
LF:12
LH:12
BRDA:19,0,0,1
BRDA:19,0,1,4
BRDA:25,1,0,1
BRDA:25,1,1,3
BRDA:36,2,0,1
BRDA:36,2,1,3
BRF:6
BRH:6
end_of_record
